<?xml version="1.0" encoding="UTF-8"?>
<testsuite name="Day1.FuelCounterUpperTest" tests="4" skipped="0" failures="0" errors="0" timestamp="2019-12-01T22:43:50" hostname="Mac" time="0.001">
  <properties/>
  <testcase name="massOf12Needs2Fuel" classname="Day1.FuelCounterUpperTest" time="0.0"/>
  <testcase name="massOf14Needs2Fuel" classname="Day1.FuelCounterUpperTest" time="0.0"/>
  <testcase name="massOf100756Needs33583" classname="Day1.FuelCounterUpperTest" time="0.0"/>
  <testcase name="massOf1969Need654Fuel" classname="Day1.FuelCounterUpperTest" time="0.0"/>
  <system-out><![CDATA[]]></system-out>
  <system-err><![CDATA[]]></system-err>
</testsuite>
